[debug] [2018-05-13T14:15:03.368Z] ----------------------------------------------------------------------
[debug] [2018-05-13T14:15:03.370Z] Command:       /home/akbar/.nvm/versions/node/v6.11.4/bin/node /home/akbar/.nvm/versions/node/v6.11.4/bin/firebase init react-pwa-amp
[debug] [2018-05-13T14:15:03.371Z] CLI Version:   3.18.4
[debug] [2018-05-13T14:15:03.371Z] Platform:      linux
[debug] [2018-05-13T14:15:03.371Z] Node Version:  v6.11.4
[debug] [2018-05-13T14:15:03.371Z] Time:          Sun May 13 2018 20:15:03 GMT+0600 (+06)
[debug] [2018-05-13T14:15:03.371Z] ----------------------------------------------------------------------
[debug] 
[debug] [2018-05-13T14:15:03.378Z] > command requires scopes: ["email","openid","https://www.googleapis.com/auth/cloudplatformprojects.readonly","https://www.googleapis.com/auth/firebase"]
[debug] [2018-05-13T14:15:03.378Z] > authorizing via signed-in user
[info] 
     ######## #### ########  ######## ########     ###     ######  ########
     ##        ##  ##     ## ##       ##     ##  ##   ##  ##       ##
     ######    ##  ########  ######   ########  #########  ######  ######
     ##        ##  ##    ##  ##       ##     ## ##     ##       ## ##
     ##       #### ##     ## ######## ########  ##     ##  ######  ########

You're about to initialize a Firebase project in this directory:

  /home/akbar/projects/Ardak/react-pwa-amp

[info] 
=== Project Setup
[info] 
[info] First, let's associate this project directory with a Firebase project.
[info] You can create multiple project aliases by running firebase use --add, 
[info] but for now we'll just set up a default project.
[info] 
[debug] [2018-05-13T14:15:03.385Z] >>> HTTP REQUEST GET https://admin.firebase.com/v1/projects  
  
 Sun May 13 2018 20:15:03 GMT+0600 (+06)
[debug] [2018-05-13T14:15:04.523Z] <<< HTTP RESPONSE 200
[info] 
=== React-pwa-amp Setup
[debug] [2018-05-13T14:15:09.908Z] TypeError: features[nextFeature] is not a function
    at init (/home/akbar/.nvm/versions/node/v6.11.4/lib/node_modules/firebase-tools/lib/init/index.js:13:49)
    at /home/akbar/.nvm/versions/node/v6.11.4/lib/node_modules/firebase-tools/lib/init/index.js:14:14
    at process._tickDomainCallback (internal/process/next_tick.js:135:7)
[error] 
[error] Error: An unexpected error has occurred.
